[2026-02-26T12:25:18.305+0000] {local_task_job_runner.py:123} INFO - ::group::Pre task execution logs
[2026-02-26T12:25:18.351+0000] {taskinstance.py:2631} INFO - Dependencies all met for dep_context=non-requeueable deps ti=<TaskInstance: 02_etl_pipeline_incremental.load_silver_passengers scheduled__2026-02-26T12:20:00+00:00 [queued]>
[2026-02-26T12:25:18.375+0000] {taskinstance.py:2631} INFO - Dependencies all met for dep_context=requeueable deps ti=<TaskInstance: 02_etl_pipeline_incremental.load_silver_passengers scheduled__2026-02-26T12:20:00+00:00 [queued]>
[2026-02-26T12:25:18.377+0000] {taskinstance.py:2884} INFO - Starting attempt 1 of 2
[2026-02-26T12:25:18.558+0000] {taskinstance.py:2907} INFO - Executing <Task(SQLExecuteQueryOperator): load_silver_passengers> on 2026-02-26 12:20:00+00:00
[2026-02-26T12:25:18.567+0000] {standard_task_runner.py:72} INFO - Started process 3284 to run task
[2026-02-26T12:25:18.574+0000] {standard_task_runner.py:104} INFO - Running: ['***', 'tasks', 'run', '02_etl_pipeline_incremental', 'load_silver_passengers', 'scheduled__2026-02-26T12:20:00+00:00', '--job-id', '567', '--raw', '--subdir', 'DAGS_FOLDER/02_etl_pipeline.py', '--cfg-path', '/tmp/tmpi4epxsl8']
[2026-02-26T12:25:18.578+0000] {standard_task_runner.py:105} INFO - Job 567: Subtask load_silver_passengers
[2026-02-26T12:25:18.685+0000] {task_command.py:467} INFO - Running <TaskInstance: 02_etl_pipeline_incremental.load_silver_passengers scheduled__2026-02-26T12:20:00+00:00 [running]> on host d54c9b653406
[2026-02-26T12:25:18.826+0000] {taskinstance.py:3157} INFO - Exporting env vars: AIRFLOW_CTX_DAG_OWNER='***' AIRFLOW_CTX_DAG_ID='02_etl_pipeline_incremental' AIRFLOW_CTX_TASK_ID='load_silver_passengers' AIRFLOW_CTX_EXECUTION_DATE='2026-02-26T12:20:00+00:00' AIRFLOW_CTX_TRY_NUMBER='1' AIRFLOW_CTX_DAG_RUN_ID='scheduled__2026-02-26T12:20:00+00:00'
[2026-02-26T12:25:18.831+0000] {logging_mixin.py:190} INFO - Task instance is in running state
[2026-02-26T12:25:18.833+0000] {logging_mixin.py:190} INFO -  Previous state of the Task instance: queued
[2026-02-26T12:25:18.834+0000] {logging_mixin.py:190} INFO - Current task name:load_silver_passengers state:running start_date:2026-02-26 12:25:18.357669+00:00
[2026-02-26T12:25:18.835+0000] {logging_mixin.py:190} INFO - Dag name:02_etl_pipeline_incremental and current dag run status:running
[2026-02-26T12:25:18.836+0000] {taskinstance.py:740} INFO - ::endgroup::
[2026-02-26T12:25:18.838+0000] {sql.py:306} INFO - Executing: CALL AIRLINE_DWH.SILVER_DATA.SP_LOAD_DIM_PASSENGERS_SCD2();
[2026-02-26T12:25:18.857+0000] {base.py:84} INFO - Retrieving connection 'snowflake_default'
[2026-02-26T12:25:19.088+0000] {base.py:84} INFO - Retrieving connection 'snowflake_default'
[2026-02-26T12:25:19.090+0000] {connection.py:486} INFO - Snowflake Connector for Python Version: 3.15.0, Python Version: 3.10.17, Platform: Linux-6.6.87.2-microsoft-standard-WSL2-x86_64-with-glibc2.36
[2026-02-26T12:25:19.091+0000] {connection.py:1391} INFO - Connecting to GLOBAL Snowflake domain
[2026-02-26T12:25:20.155+0000] {snowflake.py:521} INFO - Running statement: CALL AIRLINE_DWH.SILVER_DATA.SP_LOAD_DIM_PASSENGERS_SCD2();, parameters: None
[2026-02-26T12:25:20.157+0000] {sql.py:814} INFO - Running statement: CALL AIRLINE_DWH.SILVER_DATA.SP_LOAD_DIM_PASSENGERS_SCD2();, parameters: None
[2026-02-26T12:25:20.349+0000] {taskinstance.py:3336} ERROR - Task failed with exception
Traceback (most recent call last):
  File "/home/airflow/.local/lib/python3.10/site-packages/airflow/models/taskinstance.py", line 776, in _execute_task
    result = _execute_callable(context=context, **execute_callable_kwargs)
  File "/home/airflow/.local/lib/python3.10/site-packages/airflow/models/taskinstance.py", line 742, in _execute_callable
    return ExecutionCallableRunner(
  File "/home/airflow/.local/lib/python3.10/site-packages/airflow/utils/operator_helpers.py", line 252, in run
    return self.func(*args, **kwargs)
  File "/home/airflow/.local/lib/python3.10/site-packages/airflow/models/baseoperator.py", line 424, in wrapper
    return func(self, *args, **kwargs)
  File "/home/airflow/.local/lib/python3.10/site-packages/airflow/providers/common/sql/operators/sql.py", line 312, in execute
    output = hook.run(
  File "/home/airflow/.local/lib/python3.10/site-packages/airflow/providers/snowflake/hooks/snowflake.py", line 522, in run
    self._run_command(cur, sql_statement, parameters)  # type: ignore[attr-defined]
  File "/home/airflow/.local/lib/python3.10/site-packages/airflow/providers/common/sql/hooks/sql.py", line 819, in _run_command
    cur.execute(sql_statement)
  File "/home/airflow/.local/lib/python3.10/site-packages/snowflake/connector/cursor.py", line 1134, in execute
    Error.errorhandler_wrapper(self.connection, self, error_class, errvalue)
  File "/home/airflow/.local/lib/python3.10/site-packages/snowflake/connector/errors.py", line 279, in errorhandler_wrapper
    handed_over = Error.hand_to_other_handler(
  File "/home/airflow/.local/lib/python3.10/site-packages/snowflake/connector/errors.py", line 334, in hand_to_other_handler
    cursor.errorhandler(connection, cursor, error_class, error_value)
  File "/home/airflow/.local/lib/python3.10/site-packages/snowflake/connector/errors.py", line 210, in default_errorhandler
    raise error_class(
snowflake.connector.errors.ProgrammingError: 002141 (42601): 01c2aba9-0005-0f0f-0001-37ce00088846: SQL compilation error:
Unknown user-defined function AIRLINE_DWH.SILVER_DATA.SP_LOAD_DIM_PASSENGERS_SCD2.
[2026-02-26T12:25:20.369+0000] {logging_mixin.py:190} INFO - Task instance in failure state
[2026-02-26T12:25:20.370+0000] {logging_mixin.py:190} INFO - Task start:2026-02-26 12:25:18.357669+00:00 end:2026-02-26 12:25:20.368488+00:00 duration:2.010819
[2026-02-26T12:25:20.371+0000] {logging_mixin.py:190} INFO - Task:<Task(SQLExecuteQueryOperator): load_silver_passengers> dag:<DAG: 02_etl_pipeline_incremental> dagrun:<DagRun 02_etl_pipeline_incremental @ 2026-02-26 12:20:00+00:00: scheduled__2026-02-26T12:20:00+00:00, state:running, queued_at: 2026-02-26 12:25:00.218522+00:00. externally triggered: False>
[2026-02-26T12:25:20.372+0000] {logging_mixin.py:190} INFO - Failure caused by 002141 (42601): 01c2aba9-0005-0f0f-0001-37ce00088846: SQL compilation error:
Unknown user-defined function AIRLINE_DWH.SILVER_DATA.SP_LOAD_DIM_PASSENGERS_SCD2.
[2026-02-26T12:25:20.374+0000] {taskinstance.py:1242} INFO - Marking task as UP_FOR_RETRY. dag_id=02_etl_pipeline_incremental, task_id=load_silver_passengers, run_id=scheduled__2026-02-26T12:20:00+00:00, execution_date=20260226T122000, start_date=20260226T122518, end_date=20260226T122520
[2026-02-26T12:25:20.409+0000] {taskinstance.py:349} INFO - ::group::Post task execution logs
[2026-02-26T12:25:20.411+0000] {standard_task_runner.py:124} ERROR - Failed to execute job 567 for task load_silver_passengers (002141 (42601): 01c2aba9-0005-0f0f-0001-37ce00088846: SQL compilation error:
Unknown user-defined function AIRLINE_DWH.SILVER_DATA.SP_LOAD_DIM_PASSENGERS_SCD2.; 3284)
Traceback (most recent call last):
  File "/home/airflow/.local/lib/python3.10/site-packages/airflow/task/task_runner/standard_task_runner.py", line 117, in _start_by_fork
    ret = args.func(args, dag=self.dag)
  File "/home/airflow/.local/lib/python3.10/site-packages/airflow/cli/cli_config.py", line 49, in command
    return func(*args, **kwargs)
  File "/home/airflow/.local/lib/python3.10/site-packages/airflow/utils/cli.py", line 116, in wrapper
    return f(*args, **kwargs)
  File "/home/airflow/.local/lib/python3.10/site-packages/airflow/cli/commands/task_command.py", line 483, in task_run
    task_return_code = _run_task_by_selected_method(args, _dag, ti)
  File "/home/airflow/.local/lib/python3.10/site-packages/airflow/cli/commands/task_command.py", line 256, in _run_task_by_selected_method
    return _run_raw_task(args, ti)
  File "/home/airflow/.local/lib/python3.10/site-packages/airflow/cli/commands/task_command.py", line 341, in _run_raw_task
    return ti._run_raw_task(
  File "/home/airflow/.local/lib/python3.10/site-packages/airflow/utils/session.py", line 97, in wrapper
    return func(*args, session=session, **kwargs)
  File "/home/airflow/.local/lib/python3.10/site-packages/airflow/models/taskinstance.py", line 3029, in _run_raw_task
    return _run_raw_task(
  File "/home/airflow/.local/lib/python3.10/site-packages/airflow/models/taskinstance.py", line 282, in _run_raw_task
    TaskInstance._execute_task_with_callbacks(
  File "/home/airflow/.local/lib/python3.10/site-packages/airflow/models/taskinstance.py", line 3184, in _execute_task_with_callbacks
    result = self._execute_task(context, task_orig)
  File "/home/airflow/.local/lib/python3.10/site-packages/airflow/models/taskinstance.py", line 3208, in _execute_task
    return _execute_task(self, context, task_orig)
  File "/home/airflow/.local/lib/python3.10/site-packages/airflow/models/taskinstance.py", line 776, in _execute_task
    result = _execute_callable(context=context, **execute_callable_kwargs)
  File "/home/airflow/.local/lib/python3.10/site-packages/airflow/models/taskinstance.py", line 742, in _execute_callable
    return ExecutionCallableRunner(
  File "/home/airflow/.local/lib/python3.10/site-packages/airflow/utils/operator_helpers.py", line 252, in run
    return self.func(*args, **kwargs)
  File "/home/airflow/.local/lib/python3.10/site-packages/airflow/models/baseoperator.py", line 424, in wrapper
    return func(self, *args, **kwargs)
  File "/home/airflow/.local/lib/python3.10/site-packages/airflow/providers/common/sql/operators/sql.py", line 312, in execute
    output = hook.run(
  File "/home/airflow/.local/lib/python3.10/site-packages/airflow/providers/snowflake/hooks/snowflake.py", line 522, in run
    self._run_command(cur, sql_statement, parameters)  # type: ignore[attr-defined]
  File "/home/airflow/.local/lib/python3.10/site-packages/airflow/providers/common/sql/hooks/sql.py", line 819, in _run_command
    cur.execute(sql_statement)
  File "/home/airflow/.local/lib/python3.10/site-packages/snowflake/connector/cursor.py", line 1134, in execute
    Error.errorhandler_wrapper(self.connection, self, error_class, errvalue)
  File "/home/airflow/.local/lib/python3.10/site-packages/snowflake/connector/errors.py", line 279, in errorhandler_wrapper
    handed_over = Error.hand_to_other_handler(
  File "/home/airflow/.local/lib/python3.10/site-packages/snowflake/connector/errors.py", line 334, in hand_to_other_handler
    cursor.errorhandler(connection, cursor, error_class, error_value)
  File "/home/airflow/.local/lib/python3.10/site-packages/snowflake/connector/errors.py", line 210, in default_errorhandler
    raise error_class(
snowflake.connector.errors.ProgrammingError: 002141 (42601): 01c2aba9-0005-0f0f-0001-37ce00088846: SQL compilation error:
Unknown user-defined function AIRLINE_DWH.SILVER_DATA.SP_LOAD_DIM_PASSENGERS_SCD2.
[2026-02-26T12:25:20.435+0000] {local_task_job_runner.py:266} INFO - Task exited with return code 1
[2026-02-26T12:25:20.462+0000] {taskinstance.py:3924} INFO - 0 downstream tasks scheduled from follow-on schedule check
[2026-02-26T12:25:20.466+0000] {local_task_job_runner.py:245} INFO - ::endgroup::
